#! /usr/bin/vvp
:ivl_version "12.0 (stable)";
:ivl_delay_selection "TYPICAL";
:vpi_time_precision + 0;
:vpi_module "/usr/lib/x86_64-linux-gnu/ivl/system.vpi";
:vpi_module "/usr/lib/x86_64-linux-gnu/ivl/vhdl_sys.vpi";
:vpi_module "/usr/lib/x86_64-linux-gnu/ivl/vhdl_textio.vpi";
:vpi_module "/usr/lib/x86_64-linux-gnu/ivl/v2005_math.vpi";
:vpi_module "/usr/lib/x86_64-linux-gnu/ivl/va_math.vpi";
:vpi_module "/usr/lib/x86_64-linux-gnu/ivl/v2009.vpi";
S_0x5c76076f1120 .scope package, "$unit" "$unit" 2 1;
 .timescale 0 0;
S_0x5c76076ea950 .scope module, "TrafficState" "TrafficState" 3 1;
 .timescale 0 0;
    .port_info 0 /INPUT 1 "clk";
    .port_info 1 /INPUT 1 "reset";
    .port_info 2 /OUTPUT 3 "counter";
    .port_info 3 /OUTPUT 2 "traffic_state";
P_0x5c76076a76e0 .param/l "X" 0 3 1, +C4<00000000000000000000000000000110>;
P_0x5c76076a7720 .param/l "Y" 0 3 1, +C4<00000000000000000000000000000101>;
P_0x5c76076a7760 .param/l "Z" 0 3 1, +C4<00000000000000000000000000000011>;
P_0x5c76076a77a0 .param/l "s0" 1 3 10, C4<00>;
P_0x5c76076a77e0 .param/l "s1" 1 3 11, C4<01>;
P_0x5c76076a7820 .param/l "s2" 1 3 12, C4<10>;
P_0x5c76076a7860 .param/l "s3" 1 3 13, C4<11>;
L_0x5c76076f9390 .functor AND 1, L_0x5c7607730a30, L_0x5c7607730b30, C4<1>, C4<1>;
o0x79026e8928d8 .functor BUFZ 1, C4<z>; HiZ drive
L_0x5c76076e8ff0 .functor OR 1, o0x79026e8928d8, L_0x5c76076f9390, C4<0>, C4<0>;
L_0x5c76076f5f90 .functor AND 1, L_0x5c7607731930, L_0x5c7607731aa0, C4<1>, C4<1>;
L_0x5c76076ef7c0 .functor OR 1, o0x79026e8928d8, L_0x5c76076f5f90, C4<0>, C4<0>;
L_0x5c7607731fb0 .functor AND 1, L_0x5c7607732780, L_0x5c76077328a0, C4<1>, C4<1>;
L_0x5c7607732aa0 .functor OR 1, o0x79026e8928d8, L_0x5c7607731fb0, C4<0>, C4<0>;
L_0x5c7607732fe0 .functor AND 1, L_0x5c7607733840, L_0x5c76077339a0, C4<1>, C4<1>;
L_0x5c7607733bf0 .functor OR 1, o0x79026e8928d8, L_0x5c7607732fe0, C4<0>, C4<0>;
v0x5c760771e550_0 .net *"_ivl_11", 0 0, L_0x5c76076f9390;  1 drivers
L_0x79026e4ce570 .functor BUFT 1, C4<01>, C4<0>, C4<0>, C4<0>;
v0x5c760771e630_0 .net/2u *"_ivl_18", 1 0, L_0x79026e4ce570;  1 drivers
L_0x79026e4ce258 .functor BUFT 1, C4<00>, C4<0>, C4<0>, C4<0>;
v0x5c760771e710_0 .net/2u *"_ivl_2", 1 0, L_0x79026e4ce258;  1 drivers
v0x5c760771e7d0_0 .net *"_ivl_20", 0 0, L_0x5c7607731930;  1 drivers
L_0x79026e4ce5b8 .functor BUFT 1, C4<01>, C4<0>, C4<0>, C4<0>;
v0x5c760771e890_0 .net/2u *"_ivl_22", 1 0, L_0x79026e4ce5b8;  1 drivers
v0x5c760771e970_0 .net *"_ivl_24", 0 0, L_0x5c7607731aa0;  1 drivers
v0x5c760771ea30_0 .net *"_ivl_27", 0 0, L_0x5c76076f5f90;  1 drivers
L_0x79026e4ce888 .functor BUFT 1, C4<10>, C4<0>, C4<0>, C4<0>;
v0x5c760771eaf0_0 .net/2u *"_ivl_34", 1 0, L_0x79026e4ce888;  1 drivers
v0x5c760771ebd0_0 .net *"_ivl_36", 0 0, L_0x5c7607732780;  1 drivers
L_0x79026e4ce8d0 .functor BUFT 1, C4<10>, C4<0>, C4<0>, C4<0>;
v0x5c760771ec90_0 .net/2u *"_ivl_38", 1 0, L_0x79026e4ce8d0;  1 drivers
v0x5c760771ed70_0 .net *"_ivl_4", 0 0, L_0x5c7607730a30;  1 drivers
v0x5c760771ee30_0 .net *"_ivl_40", 0 0, L_0x5c76077328a0;  1 drivers
v0x5c760771eef0_0 .net *"_ivl_43", 0 0, L_0x5c7607731fb0;  1 drivers
L_0x79026e4ceba0 .functor BUFT 1, C4<11>, C4<0>, C4<0>, C4<0>;
v0x5c760771efb0_0 .net/2u *"_ivl_50", 1 0, L_0x79026e4ceba0;  1 drivers
v0x5c760771f090_0 .net *"_ivl_52", 0 0, L_0x5c7607733840;  1 drivers
L_0x79026e4cebe8 .functor BUFT 1, C4<11>, C4<0>, C4<0>, C4<0>;
v0x5c760771f150_0 .net/2u *"_ivl_54", 1 0, L_0x79026e4cebe8;  1 drivers
v0x5c760771f230_0 .net *"_ivl_56", 0 0, L_0x5c76077339a0;  1 drivers
v0x5c760771f400_0 .net *"_ivl_59", 0 0, L_0x5c7607732fe0;  1 drivers
L_0x79026e4ce2a0 .functor BUFT 1, C4<00>, C4<0>, C4<0>, C4<0>;
v0x5c760771f4c0_0 .net/2u *"_ivl_6", 1 0, L_0x79026e4ce2a0;  1 drivers
v0x5c760771f5a0_0 .net *"_ivl_8", 0 0, L_0x5c7607730b30;  1 drivers
o0x79026e891348 .functor BUFZ 1, C4<z>; HiZ drive
v0x5c760771f660_0 .net "clk", 0 0, o0x79026e891348;  0 drivers
v0x5c760771f700_0 .net "countX", 2 0, v0x5c7607719900_0;  1 drivers
v0x5c760771f7c0_0 .net "countY", 2 0, v0x5c760771b0b0_0;  1 drivers
v0x5c760771f890_0 .net "countZ_GR", 2 0, v0x5c760771c880_0;  1 drivers
v0x5c760771f960_0 .net "countZ_RG", 2 0, v0x5c760771e0b0_0;  1 drivers
v0x5c760771fa30_0 .var "counter", 2 0;
v0x5c760771faf0_0 .var "curr_state", 1 0;
v0x5c760771fbd0_0 .var "next_state", 1 0;
v0x5c760771fcb0_0 .net "reset", 0 0, o0x79026e8928d8;  0 drivers
v0x5c760771fd70_0 .var "traffic_state", 1 0;
E_0x5c76076d2710/0 .event anyedge, v0x5c760771faf0_0, v0x5c7607719900_0, v0x5c760771e0b0_0, v0x5c760771b0b0_0;
E_0x5c76076d2710/1 .event anyedge, v0x5c760771c880_0;
E_0x5c76076d2710 .event/or E_0x5c76076d2710/0, E_0x5c76076d2710/1;
L_0x5c7607730a30 .cmp/ne 2, v0x5c760771faf0_0, L_0x79026e4ce258;
L_0x5c7607730b30 .cmp/eq 2, v0x5c760771fbd0_0, L_0x79026e4ce2a0;
L_0x5c7607731930 .cmp/ne 2, v0x5c760771faf0_0, L_0x79026e4ce570;
L_0x5c7607731aa0 .cmp/eq 2, v0x5c760771fbd0_0, L_0x79026e4ce5b8;
L_0x5c7607732780 .cmp/ne 2, v0x5c760771faf0_0, L_0x79026e4ce888;
L_0x5c76077328a0 .cmp/eq 2, v0x5c760771fbd0_0, L_0x79026e4ce8d0;
L_0x5c7607733840 .cmp/ne 2, v0x5c760771faf0_0, L_0x79026e4ceba0;
L_0x5c76077339a0 .cmp/eq 2, v0x5c760771fbd0_0, L_0x79026e4cebe8;
S_0x5c76076d1750 .scope module, "counterX" "SyncCounter" 3 18, 4 1 0, S_0x5c76076ea950;
 .timescale 0 0;
    .port_info 0 /INPUT 1 "clk";
    .port_info 1 /INPUT 1 "enable";
    .port_info 2 /INPUT 1 "reset";
    .port_info 3 /INPUT 1 "mode";
    .port_info 4 /OUTPUT 3 "count_out";
P_0x5c76076d1930 .param/l "X" 0 4 1, +C4<00000000000000000000000000000110>;
L_0x5c7607733d90 .functor BUFT 32, L_0x5c7607730060, C4<00000000000000000000000000000000>, C4<00000000000000000000000000000000>, C4<00000000000000000000000000000000>;
L_0x5c7607733e50 .functor BUFT 32, L_0x5c76077304a0, C4<00000000000000000000000000000000>, C4<00000000000000000000000000000000>, C4<00000000000000000000000000000000>;
L_0x5c7607733f10 .functor BUFT 32, L_0x5c7607733e50, C4<00000000000000000000000000000000>, C4<00000000000000000000000000000000>, C4<00000000000000000000000000000000>;
L_0x79026e4ce018 .functor BUFT 1, C4<00000000000000000000000000000110>, C4<0>, C4<0>, C4<0>;
v0x5c76076ed070_0 .net/2u *"_ivl_0", 31 0, L_0x79026e4ce018;  1 drivers
v0x5c76076df300_0 .net *"_ivl_10", 31 0, L_0x5c76077301d0;  1 drivers
L_0x79026e4ce0f0 .functor BUFT 1, C4<00000000000000000000000000000>, C4<0>, C4<0>, C4<0>;
v0x5c76076def80_0 .net *"_ivl_13", 28 0, L_0x79026e4ce0f0;  1 drivers
v0x5c76076dd630_0 .net *"_ivl_14", 31 0, L_0x5c7607733d90;  1 drivers
v0x5c76076d8c30_0 .net *"_ivl_16", 31 0, L_0x5c76077302c0;  1 drivers
L_0x79026e4ce138 .functor BUFT 1, C4<00000000000000000000000000000>, C4<0>, C4<0>, C4<0>;
v0x5c76076d88b0_0 .net *"_ivl_19", 28 0, L_0x79026e4ce138;  1 drivers
v0x5c76076d6f60_0 .net *"_ivl_2", 31 0, L_0x5c760772ff40;  1 drivers
L_0x79026e4ce180 .functor BUFT 1, C4<00000000000000000000000000000001>, C4<0>, C4<0>, C4<0>;
v0x5c7607718e70_0 .net/2u *"_ivl_20", 31 0, L_0x79026e4ce180;  1 drivers
v0x5c7607718f50_0 .net *"_ivl_22", 31 0, L_0x5c76077304a0;  1 drivers
v0x5c7607719030_0 .net *"_ivl_24", 31 0, L_0x5c76077305e0;  1 drivers
L_0x79026e4ce1c8 .functor BUFT 1, C4<00000000000000000000000000000>, C4<0>, C4<0>, C4<0>;
v0x5c7607719110_0 .net *"_ivl_27", 28 0, L_0x79026e4ce1c8;  1 drivers
v0x5c76077191f0_0 .net *"_ivl_28", 31 0, L_0x5c7607733e50;  1 drivers
v0x5c76077192d0_0 .net *"_ivl_30", 31 0, L_0x5c7607733f10;  1 drivers
v0x5c76077193b0_0 .net *"_ivl_32", 31 0, L_0x5c7607730710;  1 drivers
L_0x79026e4ce060 .functor BUFT 1, C4<00000000000000000000000000000>, C4<0>, C4<0>, C4<0>;
v0x5c7607719490_0 .net *"_ivl_5", 28 0, L_0x79026e4ce060;  1 drivers
L_0x79026e4ce0a8 .functor BUFT 1, C4<00000000000000000000000000000001>, C4<0>, C4<0>, C4<0>;
v0x5c7607719570_0 .net/2u *"_ivl_6", 31 0, L_0x79026e4ce0a8;  1 drivers
v0x5c7607719650_0 .net *"_ivl_8", 31 0, L_0x5c7607730060;  1 drivers
v0x5c7607719840_0 .net "clk", 0 0, o0x79026e891348;  alias, 0 drivers
v0x5c7607719900_0 .var "count_out", 2 0;
L_0x79026e4ce210 .functor BUFT 1, C4<1>, C4<0>, C4<0>, C4<0>;
v0x5c76077199e0_0 .net "enable", 0 0, L_0x79026e4ce210;  1 drivers
L_0x79026e4ce2e8 .functor BUFT 1, C4<0>, C4<0>, C4<0>, C4<0>;
v0x5c7607719aa0_0 .net "mode", 0 0, L_0x79026e4ce2e8;  1 drivers
v0x5c7607719b60_0 .net "reg_out", 2 0, L_0x5c7607730830;  1 drivers
v0x5c7607719c40_0 .net "reset", 0 0, L_0x5c76076e8ff0;  1 drivers
E_0x5c76076d2e60 .event posedge, v0x5c7607719840_0;
L_0x5c760772ff40 .concat [ 3 29 0 0], v0x5c7607719900_0, L_0x79026e4ce060;
L_0x5c7607730060 .arith/sum 32, L_0x5c760772ff40, L_0x79026e4ce0a8;
L_0x5c76077301d0 .concat [ 3 29 0 0], v0x5c7607719900_0, L_0x79026e4ce0f0;
L_0x5c76077302c0 .concat [ 3 29 0 0], v0x5c7607719900_0, L_0x79026e4ce138;
L_0x5c76077304a0 .arith/sub 32, L_0x5c76077302c0, L_0x79026e4ce180;
L_0x5c76077305e0 .concat [ 3 29 0 0], v0x5c7607719900_0, L_0x79026e4ce1c8;
L_0x5c7607730710 .functor MUXZ 32, L_0x5c7607733f10, L_0x79026e4ce018, L_0x5c76076e8ff0, C4<>;
L_0x5c7607730830 .part L_0x5c7607730710, 0, 3;
S_0x5c7607719da0 .scope module, "counterY" "SyncCounter" 3 34, 4 1 0, S_0x5c76076ea950;
 .timescale 0 0;
    .port_info 0 /INPUT 1 "clk";
    .port_info 1 /INPUT 1 "enable";
    .port_info 2 /INPUT 1 "reset";
    .port_info 3 /INPUT 1 "mode";
    .port_info 4 /OUTPUT 3 "count_out";
P_0x5c7607719f50 .param/l "X" 0 4 1, +C4<00000000000000000000000000000101>;
L_0x5c76077342b0 .functor BUFT 32, L_0x5c7607731f10, C4<00000000000000000000000000000000>, C4<00000000000000000000000000000000>, C4<00000000000000000000000000000000>;
L_0x5c7607734370 .functor BUFT 32, L_0x5c7607732280, C4<00000000000000000000000000000000>, C4<00000000000000000000000000000000>, C4<00000000000000000000000000000000>;
L_0x5c7607734430 .functor BUFT 32, L_0x5c7607734370, C4<00000000000000000000000000000000>, C4<00000000000000000000000000000000>, C4<00000000000000000000000000000000>;
L_0x79026e4ce648 .functor BUFT 1, C4<00000000000000000000000000000101>, C4<0>, C4<0>, C4<0>;
v0x5c7607719ff0_0 .net/2u *"_ivl_0", 31 0, L_0x79026e4ce648;  1 drivers
v0x5c760771a0d0_0 .net *"_ivl_10", 31 0, L_0x5c76077320c0;  1 drivers
L_0x79026e4ce720 .functor BUFT 1, C4<00000000000000000000000000000>, C4<0>, C4<0>, C4<0>;
v0x5c760771a1b0_0 .net *"_ivl_13", 28 0, L_0x79026e4ce720;  1 drivers
v0x5c760771a270_0 .net *"_ivl_14", 31 0, L_0x5c76077342b0;  1 drivers
v0x5c760771a350_0 .net *"_ivl_16", 31 0, L_0x5c76077321b0;  1 drivers
L_0x79026e4ce768 .functor BUFT 1, C4<00000000000000000000000000000>, C4<0>, C4<0>, C4<0>;
v0x5c760771a480_0 .net *"_ivl_19", 28 0, L_0x79026e4ce768;  1 drivers
v0x5c760771a560_0 .net *"_ivl_2", 31 0, L_0x5c7607731dd0;  1 drivers
L_0x79026e4ce7b0 .functor BUFT 1, C4<00000000000000000000000000000001>, C4<0>, C4<0>, C4<0>;
v0x5c760771a640_0 .net/2u *"_ivl_20", 31 0, L_0x79026e4ce7b0;  1 drivers
v0x5c760771a720_0 .net *"_ivl_22", 31 0, L_0x5c7607732280;  1 drivers
v0x5c760771a800_0 .net *"_ivl_24", 31 0, L_0x5c76077323c0;  1 drivers
L_0x79026e4ce7f8 .functor BUFT 1, C4<00000000000000000000000000000>, C4<0>, C4<0>, C4<0>;
v0x5c760771a8e0_0 .net *"_ivl_27", 28 0, L_0x79026e4ce7f8;  1 drivers
v0x5c760771a9c0_0 .net *"_ivl_28", 31 0, L_0x5c7607734370;  1 drivers
v0x5c760771aaa0_0 .net *"_ivl_30", 31 0, L_0x5c7607734430;  1 drivers
v0x5c760771ab80_0 .net *"_ivl_32", 31 0, L_0x5c76077324f0;  1 drivers
L_0x79026e4ce690 .functor BUFT 1, C4<00000000000000000000000000000>, C4<0>, C4<0>, C4<0>;
v0x5c760771ac60_0 .net *"_ivl_5", 28 0, L_0x79026e4ce690;  1 drivers
L_0x79026e4ce6d8 .functor BUFT 1, C4<00000000000000000000000000000001>, C4<0>, C4<0>, C4<0>;
v0x5c760771ad40_0 .net/2u *"_ivl_6", 31 0, L_0x79026e4ce6d8;  1 drivers
v0x5c760771ae20_0 .net *"_ivl_8", 31 0, L_0x5c7607731f10;  1 drivers
v0x5c760771b010_0 .net "clk", 0 0, o0x79026e891348;  alias, 0 drivers
v0x5c760771b0b0_0 .var "count_out", 2 0;
L_0x79026e4ce840 .functor BUFT 1, C4<1>, C4<0>, C4<0>, C4<0>;
v0x5c760771b170_0 .net "enable", 0 0, L_0x79026e4ce840;  1 drivers
L_0x79026e4ce918 .functor BUFT 1, C4<0>, C4<0>, C4<0>, C4<0>;
v0x5c760771b230_0 .net "mode", 0 0, L_0x79026e4ce918;  1 drivers
v0x5c760771b2f0_0 .net "reg_out", 2 0, L_0x5c7607732610;  1 drivers
v0x5c760771b3d0_0 .net "reset", 0 0, L_0x5c7607732aa0;  1 drivers
L_0x5c7607731dd0 .concat [ 3 29 0 0], v0x5c760771b0b0_0, L_0x79026e4ce690;
L_0x5c7607731f10 .arith/sum 32, L_0x5c7607731dd0, L_0x79026e4ce6d8;
L_0x5c76077320c0 .concat [ 3 29 0 0], v0x5c760771b0b0_0, L_0x79026e4ce720;
L_0x5c76077321b0 .concat [ 3 29 0 0], v0x5c760771b0b0_0, L_0x79026e4ce768;
L_0x5c7607732280 .arith/sub 32, L_0x5c76077321b0, L_0x79026e4ce7b0;
L_0x5c76077323c0 .concat [ 3 29 0 0], v0x5c760771b0b0_0, L_0x79026e4ce7f8;
L_0x5c76077324f0 .functor MUXZ 32, L_0x5c7607734430, L_0x79026e4ce648, L_0x5c7607732aa0, C4<>;
L_0x5c7607732610 .part L_0x5c76077324f0, 0, 3;
S_0x5c760771b530 .scope module, "counterZ_GR" "SyncCounter" 3 42, 4 1 0, S_0x5c76076ea950;
 .timescale 0 0;
    .port_info 0 /INPUT 1 "clk";
    .port_info 1 /INPUT 1 "enable";
    .port_info 2 /INPUT 1 "reset";
    .port_info 3 /INPUT 1 "mode";
    .port_info 4 /OUTPUT 3 "count_out";
P_0x5c760771b6c0 .param/l "X" 0 4 1, +C4<00000000000000000000000000000011>;
L_0x5c7607734540 .functor BUFT 32, L_0x5c7607732f40, C4<00000000000000000000000000000000>, C4<00000000000000000000000000000000>, C4<00000000000000000000000000000000>;
L_0x5c7607734600 .functor BUFT 32, L_0x5c7607733340, C4<00000000000000000000000000000000>, C4<00000000000000000000000000000000>, C4<00000000000000000000000000000000>;
L_0x5c76077346c0 .functor BUFT 32, L_0x5c7607734600, C4<00000000000000000000000000000000>, C4<00000000000000000000000000000000>, C4<00000000000000000000000000000000>;
L_0x79026e4ce960 .functor BUFT 1, C4<00000000000000000000000000000011>, C4<0>, C4<0>, C4<0>;
v0x5c760771b790_0 .net/2u *"_ivl_0", 31 0, L_0x79026e4ce960;  1 drivers
v0x5c760771b870_0 .net *"_ivl_10", 31 0, L_0x5c76077330f0;  1 drivers
L_0x79026e4cea38 .functor BUFT 1, C4<00000000000000000000000000000>, C4<0>, C4<0>, C4<0>;
v0x5c760771b950_0 .net *"_ivl_13", 28 0, L_0x79026e4cea38;  1 drivers
v0x5c760771ba40_0 .net *"_ivl_14", 31 0, L_0x5c7607734540;  1 drivers
v0x5c760771bb20_0 .net *"_ivl_16", 31 0, L_0x5c76077331e0;  1 drivers
L_0x79026e4cea80 .functor BUFT 1, C4<00000000000000000000000000000>, C4<0>, C4<0>, C4<0>;
v0x5c760771bc50_0 .net *"_ivl_19", 28 0, L_0x79026e4cea80;  1 drivers
v0x5c760771bd30_0 .net *"_ivl_2", 31 0, L_0x5c7607732e00;  1 drivers
L_0x79026e4ceac8 .functor BUFT 1, C4<00000000000000000000000000000001>, C4<0>, C4<0>, C4<0>;
v0x5c760771be10_0 .net/2u *"_ivl_20", 31 0, L_0x79026e4ceac8;  1 drivers
v0x5c760771bef0_0 .net *"_ivl_22", 31 0, L_0x5c7607733340;  1 drivers
v0x5c760771bfd0_0 .net *"_ivl_24", 31 0, L_0x5c7607733480;  1 drivers
L_0x79026e4ceb10 .functor BUFT 1, C4<00000000000000000000000000000>, C4<0>, C4<0>, C4<0>;
v0x5c760771c0b0_0 .net *"_ivl_27", 28 0, L_0x79026e4ceb10;  1 drivers
v0x5c760771c190_0 .net *"_ivl_28", 31 0, L_0x5c7607734600;  1 drivers
v0x5c760771c270_0 .net *"_ivl_30", 31 0, L_0x5c76077346c0;  1 drivers
v0x5c760771c350_0 .net *"_ivl_32", 31 0, L_0x5c76077335b0;  1 drivers
L_0x79026e4ce9a8 .functor BUFT 1, C4<00000000000000000000000000000>, C4<0>, C4<0>, C4<0>;
v0x5c760771c430_0 .net *"_ivl_5", 28 0, L_0x79026e4ce9a8;  1 drivers
L_0x79026e4ce9f0 .functor BUFT 1, C4<00000000000000000000000000000001>, C4<0>, C4<0>, C4<0>;
v0x5c760771c510_0 .net/2u *"_ivl_6", 31 0, L_0x79026e4ce9f0;  1 drivers
v0x5c760771c5f0_0 .net *"_ivl_8", 31 0, L_0x5c7607732f40;  1 drivers
v0x5c760771c7e0_0 .net "clk", 0 0, o0x79026e891348;  alias, 0 drivers
v0x5c760771c880_0 .var "count_out", 2 0;
L_0x79026e4ceb58 .functor BUFT 1, C4<1>, C4<0>, C4<0>, C4<0>;
v0x5c760771c960_0 .net "enable", 0 0, L_0x79026e4ceb58;  1 drivers
L_0x79026e4cec30 .functor BUFT 1, C4<0>, C4<0>, C4<0>, C4<0>;
v0x5c760771ca20_0 .net "mode", 0 0, L_0x79026e4cec30;  1 drivers
v0x5c760771cae0_0 .net "reg_out", 2 0, L_0x5c76077336d0;  1 drivers
v0x5c760771cbc0_0 .net "reset", 0 0, L_0x5c7607733bf0;  1 drivers
L_0x5c7607732e00 .concat [ 3 29 0 0], v0x5c760771c880_0, L_0x79026e4ce9a8;
L_0x5c7607732f40 .arith/sum 32, L_0x5c7607732e00, L_0x79026e4ce9f0;
L_0x5c76077330f0 .concat [ 3 29 0 0], v0x5c760771c880_0, L_0x79026e4cea38;
L_0x5c76077331e0 .concat [ 3 29 0 0], v0x5c760771c880_0, L_0x79026e4cea80;
L_0x5c7607733340 .arith/sub 32, L_0x5c76077331e0, L_0x79026e4ceac8;
L_0x5c7607733480 .concat [ 3 29 0 0], v0x5c760771c880_0, L_0x79026e4ceb10;
L_0x5c76077335b0 .functor MUXZ 32, L_0x5c76077346c0, L_0x79026e4ce960, L_0x5c7607733bf0, C4<>;
L_0x5c76077336d0 .part L_0x5c76077335b0, 0, 3;
S_0x5c760771cd20 .scope module, "counterZ_RG" "SyncCounter" 3 26, 4 1 0, S_0x5c76076ea950;
 .timescale 0 0;
    .port_info 0 /INPUT 1 "clk";
    .port_info 1 /INPUT 1 "enable";
    .port_info 2 /INPUT 1 "reset";
    .port_info 3 /INPUT 1 "mode";
    .port_info 4 /OUTPUT 3 "count_out";
P_0x5c760771cf00 .param/l "X" 0 4 1, +C4<00000000000000000000000000000011>;
L_0x5c7607734020 .functor BUFT 32, L_0x5c7607730f00, C4<00000000000000000000000000000000>, C4<00000000000000000000000000000000>, C4<00000000000000000000000000000000>;
L_0x5c76077340e0 .functor BUFT 32, L_0x5c7607731400, C4<00000000000000000000000000000000>, C4<00000000000000000000000000000000>, C4<00000000000000000000000000000000>;
L_0x5c76077341a0 .functor BUFT 32, L_0x5c76077340e0, C4<00000000000000000000000000000000>, C4<00000000000000000000000000000000>, C4<00000000000000000000000000000000>;
L_0x79026e4ce330 .functor BUFT 1, C4<00000000000000000000000000000011>, C4<0>, C4<0>, C4<0>;
v0x5c760771cfa0_0 .net/2u *"_ivl_0", 31 0, L_0x79026e4ce330;  1 drivers
v0x5c760771d0a0_0 .net *"_ivl_10", 31 0, L_0x5c7607731070;  1 drivers
L_0x79026e4ce408 .functor BUFT 1, C4<00000000000000000000000000000>, C4<0>, C4<0>, C4<0>;
v0x5c760771d180_0 .net *"_ivl_13", 28 0, L_0x79026e4ce408;  1 drivers
v0x5c760771d270_0 .net *"_ivl_14", 31 0, L_0x5c7607734020;  1 drivers
v0x5c760771d350_0 .net *"_ivl_16", 31 0, L_0x5c7607731160;  1 drivers
L_0x79026e4ce450 .functor BUFT 1, C4<00000000000000000000000000000>, C4<0>, C4<0>, C4<0>;
v0x5c760771d480_0 .net *"_ivl_19", 28 0, L_0x79026e4ce450;  1 drivers
v0x5c760771d560_0 .net *"_ivl_2", 31 0, L_0x5c7607730dc0;  1 drivers
L_0x79026e4ce498 .functor BUFT 1, C4<00000000000000000000000000000001>, C4<0>, C4<0>, C4<0>;
v0x5c760771d640_0 .net/2u *"_ivl_20", 31 0, L_0x79026e4ce498;  1 drivers
v0x5c760771d720_0 .net *"_ivl_22", 31 0, L_0x5c7607731400;  1 drivers
v0x5c760771d800_0 .net *"_ivl_24", 31 0, L_0x5c7607731570;  1 drivers
L_0x79026e4ce4e0 .functor BUFT 1, C4<00000000000000000000000000000>, C4<0>, C4<0>, C4<0>;
v0x5c760771d8e0_0 .net *"_ivl_27", 28 0, L_0x79026e4ce4e0;  1 drivers
v0x5c760771d9c0_0 .net *"_ivl_28", 31 0, L_0x5c76077340e0;  1 drivers
v0x5c760771daa0_0 .net *"_ivl_30", 31 0, L_0x5c76077341a0;  1 drivers
v0x5c760771db80_0 .net *"_ivl_32", 31 0, L_0x5c76077316a0;  1 drivers
L_0x79026e4ce378 .functor BUFT 1, C4<00000000000000000000000000000>, C4<0>, C4<0>, C4<0>;
v0x5c760771dc60_0 .net *"_ivl_5", 28 0, L_0x79026e4ce378;  1 drivers
L_0x79026e4ce3c0 .functor BUFT 1, C4<00000000000000000000000000000001>, C4<0>, C4<0>, C4<0>;
v0x5c760771dd40_0 .net/2u *"_ivl_6", 31 0, L_0x79026e4ce3c0;  1 drivers
v0x5c760771de20_0 .net *"_ivl_8", 31 0, L_0x5c7607730f00;  1 drivers
v0x5c760771e010_0 .net "clk", 0 0, o0x79026e891348;  alias, 0 drivers
v0x5c760771e0b0_0 .var "count_out", 2 0;
L_0x79026e4ce528 .functor BUFT 1, C4<1>, C4<0>, C4<0>, C4<0>;
v0x5c760771e190_0 .net "enable", 0 0, L_0x79026e4ce528;  1 drivers
L_0x79026e4ce600 .functor BUFT 1, C4<0>, C4<0>, C4<0>, C4<0>;
v0x5c760771e250_0 .net "mode", 0 0, L_0x79026e4ce600;  1 drivers
v0x5c760771e310_0 .net "reg_out", 2 0, L_0x5c76077317c0;  1 drivers
v0x5c760771e3f0_0 .net "reset", 0 0, L_0x5c76076ef7c0;  1 drivers
L_0x5c7607730dc0 .concat [ 3 29 0 0], v0x5c760771e0b0_0, L_0x79026e4ce378;
L_0x5c7607730f00 .arith/sum 32, L_0x5c7607730dc0, L_0x79026e4ce3c0;
L_0x5c7607731070 .concat [ 3 29 0 0], v0x5c760771e0b0_0, L_0x79026e4ce408;
L_0x5c7607731160 .concat [ 3 29 0 0], v0x5c760771e0b0_0, L_0x79026e4ce450;
L_0x5c7607731400 .arith/sub 32, L_0x5c7607731160, L_0x79026e4ce498;
L_0x5c7607731570 .concat [ 3 29 0 0], v0x5c760771e0b0_0, L_0x79026e4ce4e0;
L_0x5c76077316a0 .functor MUXZ 32, L_0x5c76077341a0, L_0x79026e4ce330, L_0x5c76076ef7c0, C4<>;
L_0x5c76077317c0 .part L_0x5c76077316a0, 0, 3;
    .scope S_0x5c76076d1750;
T_0 ;
    %wait E_0x5c76076d2e60;
    %load/vec4 v0x5c7607719b60_0;
    %assign/vec4 v0x5c7607719900_0, 0;
    %jmp T_0;
    .thread T_0;
    .scope S_0x5c760771cd20;
T_1 ;
    %wait E_0x5c76076d2e60;
    %load/vec4 v0x5c760771e310_0;
    %assign/vec4 v0x5c760771e0b0_0, 0;
    %jmp T_1;
    .thread T_1;
    .scope S_0x5c7607719da0;
T_2 ;
    %wait E_0x5c76076d2e60;
    %load/vec4 v0x5c760771b2f0_0;
    %assign/vec4 v0x5c760771b0b0_0, 0;
    %jmp T_2;
    .thread T_2;
    .scope S_0x5c760771b530;
T_3 ;
    %wait E_0x5c76076d2e60;
    %load/vec4 v0x5c760771cae0_0;
    %assign/vec4 v0x5c760771c880_0, 0;
    %jmp T_3;
    .thread T_3;
    .scope S_0x5c76076ea950;
T_4 ;
    %wait E_0x5c76076d2e60;
    %load/vec4 v0x5c760771fcb0_0;
    %flag_set/vec4 8;
    %jmp/0xz  T_4.0, 8;
    %pushi/vec4 0, 0, 2;
    %assign/vec4 v0x5c760771faf0_0, 0;
    %jmp T_4.1;
T_4.0 ;
    %load/vec4 v0x5c760771fbd0_0;
    %assign/vec4 v0x5c760771faf0_0, 0;
T_4.1 ;
    %jmp T_4;
    .thread T_4;
    .scope S_0x5c76076ea950;
T_5 ;
    %wait E_0x5c76076d2710;
    %load/vec4 v0x5c760771faf0_0;
    %store/vec4 v0x5c760771fbd0_0, 0, 2;
    %load/vec4 v0x5c760771faf0_0;
    %dup/vec4;
    %pushi/vec4 0, 0, 2;
    %cmp/u;
    %jmp/1 T_5.0, 6;
    %dup/vec4;
    %pushi/vec4 1, 0, 2;
    %cmp/u;
    %jmp/1 T_5.1, 6;
    %dup/vec4;
    %pushi/vec4 2, 0, 2;
    %cmp/u;
    %jmp/1 T_5.2, 6;
    %dup/vec4;
    %pushi/vec4 3, 0, 2;
    %cmp/u;
    %jmp/1 T_5.3, 6;
    %jmp T_5.4;
T_5.0 ;
    %load/vec4 v0x5c760771f700_0;
    %pad/u 32;
    %cmpi/e 0, 0, 32;
    %jmp/0xz  T_5.5, 4;
    %pushi/vec4 1, 0, 2;
    %store/vec4 v0x5c760771fbd0_0, 0, 2;
T_5.5 ;
    %jmp T_5.4;
T_5.1 ;
    %load/vec4 v0x5c760771f960_0;
    %pad/u 32;
    %cmpi/e 0, 0, 32;
    %jmp/0xz  T_5.7, 4;
    %pushi/vec4 2, 0, 2;
    %store/vec4 v0x5c760771fbd0_0, 0, 2;
T_5.7 ;
    %jmp T_5.4;
T_5.2 ;
    %load/vec4 v0x5c760771f7c0_0;
    %pad/u 32;
    %cmpi/e 0, 0, 32;
    %jmp/0xz  T_5.9, 4;
    %pushi/vec4 3, 0, 2;
    %store/vec4 v0x5c760771fbd0_0, 0, 2;
T_5.9 ;
    %jmp T_5.4;
T_5.3 ;
    %load/vec4 v0x5c760771f890_0;
    %pad/u 32;
    %cmpi/e 0, 0, 32;
    %jmp/0xz  T_5.11, 4;
    %pushi/vec4 0, 0, 2;
    %store/vec4 v0x5c760771fbd0_0, 0, 2;
T_5.11 ;
    %jmp T_5.4;
T_5.4 ;
    %pop/vec4 1;
    %jmp T_5;
    .thread T_5, $push;
    .scope S_0x5c76076ea950;
T_6 ;
    %wait E_0x5c76076d2710;
    %load/vec4 v0x5c760771faf0_0;
    %store/vec4 v0x5c760771fd70_0, 0, 2;
    %load/vec4 v0x5c760771faf0_0;
    %dup/vec4;
    %pushi/vec4 0, 0, 2;
    %cmp/u;
    %jmp/1 T_6.0, 6;
    %dup/vec4;
    %pushi/vec4 1, 0, 2;
    %cmp/u;
    %jmp/1 T_6.1, 6;
    %dup/vec4;
    %pushi/vec4 2, 0, 2;
    %cmp/u;
    %jmp/1 T_6.2, 6;
    %dup/vec4;
    %pushi/vec4 3, 0, 2;
    %cmp/u;
    %jmp/1 T_6.3, 6;
    %jmp T_6.4;
T_6.0 ;
    %load/vec4 v0x5c760771f700_0;
    %store/vec4 v0x5c760771fa30_0, 0, 3;
    %jmp T_6.4;
T_6.1 ;
    %load/vec4 v0x5c760771f960_0;
    %store/vec4 v0x5c760771fa30_0, 0, 3;
    %jmp T_6.4;
T_6.2 ;
    %load/vec4 v0x5c760771f7c0_0;
    %store/vec4 v0x5c760771fa30_0, 0, 3;
    %jmp T_6.4;
T_6.3 ;
    %load/vec4 v0x5c760771f890_0;
    %store/vec4 v0x5c760771fa30_0, 0, 3;
    %jmp T_6.4;
T_6.4 ;
    %pop/vec4 1;
    %jmp T_6;
    .thread T_6, $push;
# The file index is used to find the file name in the following table.
:file_names 5;
    "N/A";
    "<interactive>";
    "-";
    "fsm_3lights.v";
    "./SyncCounter.v";
