Information: Updating design information... (UID-85)
 
****************************************
Report : timing
        -path full
        -delay max
        -max_paths 1
Design : RCA
Version: U-2022.12-SP5
Date   : Wed Oct 29 00:26:28 2025
****************************************

Operating Conditions: tsl18fs120_scl_ss   Library: tsl18fs120_scl_ss
Wire Load Model Mode: top

  Startpoint: R_a/reg_out_reg[0]
              (rising edge-triggered flip-flop clocked by clk)
  Endpoint: R_sum/reg_out_reg[31]
            (rising edge-triggered flip-flop clocked by clk)
  Path Group: clk
  Path Type: max

  Des/Clust/Port     Wire Load Model       Library
  ------------------------------------------------
  RCA                16000                 tsl18fs120_scl_ss

  Point                                    Incr       Path
  -----------------------------------------------------------
  clock clk (rise edge)                    0.00       0.00
  clock network delay (ideal)              0.00       0.00
  R_a/reg_out_reg[0]/CP (dfnrq2)           0.00       0.00 r
  R_a/reg_out_reg[0]/Q (dfnrq2)            0.67       0.67 f
  R_a/reg_out[0] (register_WIDTH32_0)      0.00       0.67 f
  FAgen[0].FA0/A (FA_0)                    0.00       0.67 f
  FAgen[0].FA0/U1/ZN (xn02d2)              0.34       1.01 f
  FAgen[0].FA0/U3/ZN (oaim22d2)            0.31       1.32 r
  FAgen[0].FA0/Cout (FA_0)                 0.00       1.32 r
  FAgen[1].FA0/Cin (FA_31)                 0.00       1.32 r
  FAgen[1].FA0/U4/ZN (inv0d2)              0.05       1.38 f
  FAgen[1].FA0/U3/ZN (oaim22d2)            0.32       1.70 r
  FAgen[1].FA0/Cout (FA_31)                0.00       1.70 r
  FAgen[2].FA0/Cin (FA_30)                 0.00       1.70 r
  FAgen[2].FA0/U4/ZN (inv0d2)              0.05       1.75 f
  FAgen[2].FA0/U3/ZN (oaim22d2)            0.32       2.07 r
  FAgen[2].FA0/Cout (FA_30)                0.00       2.07 r
  FAgen[3].FA0/Cin (FA_29)                 0.00       2.07 r
  FAgen[3].FA0/U3/ZN (inv0d2)              0.05       2.13 f
  FAgen[3].FA0/U4/ZN (oaim22d2)            0.32       2.45 r
  FAgen[3].FA0/Cout (FA_29)                0.00       2.45 r
  FAgen[4].FA0/Cin (FA_28)                 0.00       2.45 r
  FAgen[4].FA0/U4/ZN (inv0d2)              0.05       2.50 f
  FAgen[4].FA0/U3/ZN (oaim22d2)            0.32       2.82 r
  FAgen[4].FA0/Cout (FA_28)                0.00       2.82 r
  FAgen[5].FA0/Cin (FA_27)                 0.00       2.82 r
  FAgen[5].FA0/U4/ZN (inv0d2)              0.05       2.88 f
  FAgen[5].FA0/U3/ZN (oaim22d2)            0.32       3.20 r
  FAgen[5].FA0/Cout (FA_27)                0.00       3.20 r
  FAgen[6].FA0/Cin (FA_26)                 0.00       3.20 r
  FAgen[6].FA0/U3/ZN (inv0d2)              0.05       3.25 f
  FAgen[6].FA0/U4/ZN (oaim22d2)            0.32       3.57 r
  FAgen[6].FA0/Cout (FA_26)                0.00       3.57 r
  FAgen[7].FA0/Cin (FA_25)                 0.00       3.57 r
  FAgen[7].FA0/U4/ZN (inv0d2)              0.05       3.63 f
  FAgen[7].FA0/U3/ZN (oaim22d2)            0.32       3.95 r
  FAgen[7].FA0/Cout (FA_25)                0.00       3.95 r
  FAgen[8].FA0/Cin (FA_24)                 0.00       3.95 r
  FAgen[8].FA0/U4/ZN (inv0d2)              0.05       4.00 f
  FAgen[8].FA0/U3/ZN (oaim22d2)            0.32       4.32 r
  FAgen[8].FA0/Cout (FA_24)                0.00       4.32 r
  FAgen[9].FA0/Cin (FA_23)                 0.00       4.32 r
  FAgen[9].FA0/U3/ZN (inv0d2)              0.05       4.38 f
  FAgen[9].FA0/U4/ZN (oaim22d2)            0.32       4.70 r
  FAgen[9].FA0/Cout (FA_23)                0.00       4.70 r
  FAgen[10].FA0/Cin (FA_22)                0.00       4.70 r
  FAgen[10].FA0/U4/ZN (inv0d2)             0.05       4.75 f
  FAgen[10].FA0/U3/ZN (oaim22d2)           0.32       5.07 r
  FAgen[10].FA0/Cout (FA_22)               0.00       5.07 r
  FAgen[11].FA0/Cin (FA_21)                0.00       5.07 r
  FAgen[11].FA0/U4/ZN (inv0d2)             0.05       5.13 f
  FAgen[11].FA0/U3/ZN (oaim22d2)           0.32       5.45 r
  FAgen[11].FA0/Cout (FA_21)               0.00       5.45 r
  FAgen[12].FA0/Cin (FA_20)                0.00       5.45 r
  FAgen[12].FA0/U3/ZN (inv0d2)             0.05       5.50 f
  FAgen[12].FA0/U4/ZN (oaim22d2)           0.32       5.82 r
  FAgen[12].FA0/Cout (FA_20)               0.00       5.82 r
  FAgen[13].FA0/Cin (FA_19)                0.00       5.82 r
  FAgen[13].FA0/U4/ZN (inv0d2)             0.05       5.88 f
  FAgen[13].FA0/U3/ZN (oaim22d2)           0.32       6.20 r
  FAgen[13].FA0/Cout (FA_19)               0.00       6.20 r
  FAgen[14].FA0/Cin (FA_18)                0.00       6.20 r
  FAgen[14].FA0/U4/ZN (inv0d2)             0.05       6.25 f
  FAgen[14].FA0/U3/ZN (oaim22d2)           0.32       6.57 r
  FAgen[14].FA0/Cout (FA_18)               0.00       6.57 r
  FAgen[15].FA0/Cin (FA_17)                0.00       6.57 r
  FAgen[15].FA0/U3/ZN (inv0d2)             0.05       6.63 f
  FAgen[15].FA0/U4/ZN (oaim22d2)           0.32       6.95 r
  FAgen[15].FA0/Cout (FA_17)               0.00       6.95 r
  FAgen[16].FA0/Cin (FA_16)                0.00       6.95 r
  FAgen[16].FA0/U4/ZN (inv0d2)             0.05       7.00 f
  FAgen[16].FA0/U3/ZN (oaim22d2)           0.32       7.32 r
  FAgen[16].FA0/Cout (FA_16)               0.00       7.32 r
  FAgen[17].FA0/Cin (FA_15)                0.00       7.32 r
  FAgen[17].FA0/U4/ZN (inv0d2)             0.05       7.38 f
  FAgen[17].FA0/U3/ZN (oaim22d2)           0.32       7.70 r
  FAgen[17].FA0/Cout (FA_15)               0.00       7.70 r
  FAgen[18].FA0/Cin (FA_14)                0.00       7.70 r
  FAgen[18].FA0/U3/ZN (inv0d2)             0.05       7.75 f
  FAgen[18].FA0/U4/ZN (oaim22d2)           0.32       8.08 r
  FAgen[18].FA0/Cout (FA_14)               0.00       8.08 r
  FAgen[19].FA0/Cin (FA_13)                0.00       8.08 r
  FAgen[19].FA0/U4/ZN (inv0d2)             0.05       8.13 f
  FAgen[19].FA0/U3/ZN (oaim22d2)           0.32       8.45 r
  FAgen[19].FA0/Cout (FA_13)               0.00       8.45 r
  FAgen[20].FA0/Cin (FA_12)                0.00       8.45 r
  FAgen[20].FA0/U4/ZN (inv0d2)             0.05       8.50 f
  FAgen[20].FA0/U3/ZN (oaim22d2)           0.32       8.83 r
  FAgen[20].FA0/Cout (FA_12)               0.00       8.83 r
  FAgen[21].FA0/Cin (FA_11)                0.00       8.83 r
  FAgen[21].FA0/U3/ZN (inv0d2)             0.05       8.88 f
  FAgen[21].FA0/U4/ZN (oaim22d2)           0.32       9.20 r
  FAgen[21].FA0/Cout (FA_11)               0.00       9.20 r
  FAgen[22].FA0/Cin (FA_10)                0.00       9.20 r
  FAgen[22].FA0/U4/ZN (inv0d2)             0.05       9.25 f
  FAgen[22].FA0/U3/ZN (oaim22d2)           0.32       9.58 r
  FAgen[22].FA0/Cout (FA_10)               0.00       9.58 r
  FAgen[23].FA0/Cin (FA_9)                 0.00       9.58 r
  FAgen[23].FA0/U4/ZN (inv0d2)             0.05       9.63 f
  FAgen[23].FA0/U3/ZN (oaim22d2)           0.32       9.95 r
  FAgen[23].FA0/Cout (FA_9)                0.00       9.95 r
  FAgen[24].FA0/Cin (FA_8)                 0.00       9.95 r
  FAgen[24].FA0/U1/ZN (inv0d2)             0.05      10.00 f
  FAgen[24].FA0/U4/ZN (oaim22d2)           0.32      10.33 r
  FAgen[24].FA0/Cout (FA_8)                0.00      10.33 r
  FAgen[25].FA0/Cin (FA_7)                 0.00      10.33 r
  FAgen[25].FA0/U4/ZN (inv0d2)             0.05      10.38 f
  FAgen[25].FA0/U3/ZN (oaim22d2)           0.32      10.70 r
  FAgen[25].FA0/Cout (FA_7)                0.00      10.70 r
  FAgen[26].FA0/Cin (FA_6)                 0.00      10.70 r
  FAgen[26].FA0/U3/ZN (inv0d2)             0.05      10.75 f
  FAgen[26].FA0/U4/ZN (oaim22d2)           0.32      11.08 r
  FAgen[26].FA0/Cout (FA_6)                0.00      11.08 r
  FAgen[27].FA0/Cin (FA_5)                 0.00      11.08 r
  FAgen[27].FA0/U3/ZN (inv0d2)             0.05      11.13 f
  FAgen[27].FA0/U4/ZN (oaim22d2)           0.32      11.45 r
  FAgen[27].FA0/Cout (FA_5)                0.00      11.45 r
  FAgen[28].FA0/Cin (FA_4)                 0.00      11.45 r
  FAgen[28].FA0/U4/ZN (inv0d2)             0.05      11.50 f
  FAgen[28].FA0/U3/ZN (oaim22d2)           0.32      11.83 r
  FAgen[28].FA0/Cout (FA_4)                0.00      11.83 r
  FAgen[29].FA0/Cin (FA_3)                 0.00      11.83 r
  FAgen[29].FA0/U3/ZN (inv0d2)             0.05      11.88 f
  FAgen[29].FA0/U4/ZN (oaim22d2)           0.32      12.20 r
  FAgen[29].FA0/Cout (FA_3)                0.00      12.20 r
  FAgen[30].FA0/Cin (FA_2)                 0.00      12.20 r
  FAgen[30].FA0/U3/ZN (inv0d2)             0.05      12.25 f
  FAgen[30].FA0/U4/ZN (oaim22d2)           0.32      12.58 r
  FAgen[30].FA0/Cout (FA_2)                0.00      12.58 r
  FAgen[31].FA0/Cin (FA_1)                 0.00      12.58 r
  FAgen[31].FA0/U4/ZN (inv0d2)             0.05      12.63 f
  FAgen[31].FA0/U2/Z (xr02d1)              0.30      12.93 f
  FAgen[31].FA0/S (FA_1)                   0.00      12.93 f
  R_sum/reg_in[31] (register_WIDTH33)      0.00      12.93 f
  R_sum/U10/Z (an02d1)                     0.20      13.13 f
  R_sum/reg_out_reg[31]/D (dfnrq1)         0.00      13.13 f
  data arrival time                                  13.13

  clock clk (rise edge)                   15.00      15.00
  clock network delay (ideal)              0.00      15.00
  clock uncertainty                       -0.10      14.90
  R_sum/reg_out_reg[31]/CP (dfnrq1)        0.00      14.90 r
  library setup time                      -0.21      14.69
  data required time                                 14.69
  -----------------------------------------------------------
  data required time                                 14.69
  data arrival time                                 -13.13
  -----------------------------------------------------------
  slack (MET)                                         1.56


1
