****************************************
Report : report_utilization
Design : fibo
Version: U-2022.12-SP6
Date   : Wed Oct 29 02:44:49 2025
****************************************
Utilization Ratio:			0.6084
Utilization options:
 - Area calculation based on:		site_row of block powerplan_done
 - Categories of objects excluded:	hard_macros macro_keepouts soft_macros io_cells hard_blockages 
Total Area:				25200.8960
Total Capacity Area:			25200.8960
Total Area of cells:			15331.9040
Area of excluded objects:
 - hard_macros         :		0.0000
 - macro_keepouts      :		0.0000
 - soft_macros         :		0.0000
 - io_cells            :		0.0000
 - hard_blockages      :		0.0000
Total Area of excluded objects:		0.0000
Ratio of excluded objects:		0.0000

Utilization of site-rows with:
 - Site 'unit':				0.6084

0.6084
