[icc2-lic Wed Oct 29 02:49:29 2025] Command 'report_timing' requires licenses
[icc2-lic Wed Oct 29 02:49:29 2025] Attempting to check-out alternate set of keys directly with queueing
[icc2-lic Wed Oct 29 02:49:29 2025] Sending count request for 'ICCompilerII-8' 
[icc2-lic Wed Oct 29 02:49:29 2025] Count request for 'ICCompilerII-8' returned 1 
[icc2-lic Wed Oct 29 02:49:29 2025] Sending check-out request for 'ICCompilerII-8' (1) with wait option
[icc2-lic Wed Oct 29 02:49:29 2025] Check-out request for 'ICCompilerII-8' with wait option succeeded
[icc2-lic Wed Oct 29 02:49:29 2025] Sending checkout check request for 'ICCompilerII-8' 
[icc2-lic Wed Oct 29 02:49:29 2025] Checkout check request for 'ICCompilerII-8' returned 0 
[icc2-lic Wed Oct 29 02:49:29 2025] Sending count request for 'ICCompilerII-8' 
[icc2-lic Wed Oct 29 02:49:29 2025] Count request for 'ICCompilerII-8' returned 1 
[icc2-lic Wed Oct 29 02:49:29 2025] Sending count request for 'ICCompilerII-NX' 
[icc2-lic Wed Oct 29 02:49:29 2025] Count request for 'ICCompilerII-NX' returned 1 
[icc2-lic Wed Oct 29 02:49:29 2025] Sending check-out request for 'ICCompilerII-NX' (1) with wait option
[icc2-lic Wed Oct 29 02:49:29 2025] Check-out request for 'ICCompilerII-NX' with wait option succeeded
[icc2-lic Wed Oct 29 02:49:29 2025] Sending checkout check request for 'ICCompilerII-NX' 
[icc2-lic Wed Oct 29 02:49:29 2025] Checkout check request for 'ICCompilerII-NX' returned 0 
[icc2-lic Wed Oct 29 02:49:29 2025] Sending count request for 'ICCompilerII-NX' 
[icc2-lic Wed Oct 29 02:49:29 2025] Count request for 'ICCompilerII-NX' returned 1 
[icc2-lic Wed Oct 29 02:49:29 2025] Check-out of alternate set of keys directly with queueing was successful
****************************************
Report : timing
        -path_type full
        -delay_type min
        -max_paths 1
        -report_by design
Design : fibo
Version: U-2022.12-SP6
Date   : Wed Oct 29 02:49:29 2025
****************************************

  Startpoint: a_reg[6] (rising edge-triggered flip-flop clocked by clk)
  Endpoint: fib_out_reg[6] (rising edge-triggered flip-flop clocked by clk)
  Mode: func
  Corner: nom
  Scenario: func::nom
  Path Group: clk
  Path Type: min

  Point                                            Incr      Path  
  ------------------------------------------------------------------------
  clock clk (rise edge)                            0.00      0.00
  clock network delay (propagated)                 0.00      0.00

  a_reg[6]/CP (dfcrq4)                             0.00      0.00 r
  a_reg[6]/Q (dfcrq4)                              0.56      0.56 f
  fib_out_reg[6]/D (dfcrq4)                        0.00      0.56 f
  data arrival time                                          0.56

  clock clk (rise edge)                            0.00      0.00
  clock network delay (propagated)                 0.00      0.00
  fib_out_reg[6]/CP (dfcrq4)                       0.00      0.00 r
  clock uncertainty                                0.10      0.10
  library hold time                               -0.00      0.10
  data required time                                         0.10
  ------------------------------------------------------------------------
  data required time                                         0.10
  data arrival time                                         -0.56
  ------------------------------------------------------------------------
  slack (MET)                                                0.46


1
