[icc2-lic Wed Oct 29 02:44:49 2025] Command 'report_timing' requires licenses
[icc2-lic Wed Oct 29 02:44:49 2025] Attempting to check-out alternate set of keys directly with queueing
[icc2-lic Wed Oct 29 02:44:49 2025] Sending count request for 'ICCompilerII-8' 
[icc2-lic Wed Oct 29 02:44:49 2025] Count request for 'ICCompilerII-8' returned 1 
[icc2-lic Wed Oct 29 02:44:49 2025] Sending check-out request for 'ICCompilerII-8' (1) with wait option
[icc2-lic Wed Oct 29 02:44:49 2025] Check-out request for 'ICCompilerII-8' with wait option succeeded
[icc2-lic Wed Oct 29 02:44:49 2025] Sending checkout check request for 'ICCompilerII-8' 
[icc2-lic Wed Oct 29 02:44:49 2025] Checkout check request for 'ICCompilerII-8' returned 0 
[icc2-lic Wed Oct 29 02:44:49 2025] Sending count request for 'ICCompilerII-8' 
[icc2-lic Wed Oct 29 02:44:49 2025] Count request for 'ICCompilerII-8' returned 1 
[icc2-lic Wed Oct 29 02:44:49 2025] Sending count request for 'ICCompilerII-NX' 
[icc2-lic Wed Oct 29 02:44:49 2025] Count request for 'ICCompilerII-NX' returned 1 
[icc2-lic Wed Oct 29 02:44:49 2025] Sending check-out request for 'ICCompilerII-NX' (1) with wait option
[icc2-lic Wed Oct 29 02:44:49 2025] Check-out request for 'ICCompilerII-NX' with wait option succeeded
[icc2-lic Wed Oct 29 02:44:49 2025] Sending checkout check request for 'ICCompilerII-NX' 
[icc2-lic Wed Oct 29 02:44:49 2025] Checkout check request for 'ICCompilerII-NX' returned 0 
[icc2-lic Wed Oct 29 02:44:49 2025] Sending count request for 'ICCompilerII-NX' 
[icc2-lic Wed Oct 29 02:44:49 2025] Count request for 'ICCompilerII-NX' returned 1 
[icc2-lic Wed Oct 29 02:44:49 2025] Check-out of alternate set of keys directly with queueing was successful
****************************************
Report : timing
        -path_type full
        -delay_type max
        -max_paths 1
        -report_by design
Design : fibo
Version: U-2022.12-SP6
Date   : Wed Oct 29 02:44:49 2025
****************************************

  Startpoint: a_reg[12] (rising edge-triggered flip-flop clocked by clk)
  Endpoint: a_reg[24] (rising edge-triggered flip-flop clocked by clk)
  Mode: func
  Corner: nom
  Scenario: func::nom
  Path Group: clk
  Path Type: max

  Point                                            Incr      Path  
  ------------------------------------------------------------------------
  clock clk (rise edge)                            0.00      0.00
  clock network delay (ideal)                      0.20      0.20

  a_reg[12]/CP (dfcrq4)                            0.00      0.20 r
  a_reg[12]/Q (dfcrq4)                             0.54      0.74 r
  add_9/U452/ZN (nd02d2)                           0.08      0.82 f
  add_9/ctmTdsLR_2_1008/ZN (oai21d1)               0.23      1.05 r
  add_9/ctmTdsLR_1_1007/ZN (aoi21d1)               0.12      1.17 f
  add_9/ctmTdsLR_1_939/Z (ora21d1)                 0.26      1.43 f
  add_9/U571/ZN (oaim21d4)                         0.30      1.73 r
  add_9/U568/ZN (invbda)                           0.11      1.84 f
  add_9/U407/ZN (oai21d2)                          0.39      2.23 r
  add_9/U536/ZN (nd02d2)                           0.07      2.30 f
  add_9/ctmTdsLR_1_1993/ZN (nd02d2)                0.07      2.36 r
  a_reg[24]/D (dfcrq4)                             0.00      2.36 r
  data arrival time                                          2.36

  clock clk (rise edge)                            2.00      2.00
  clock network delay (ideal)                      0.20      2.20
  a_reg[24]/CP (dfcrq4)                            0.00      2.20 r
  clock uncertainty                               -0.10      2.10
  library setup time                              -0.16      1.94
  data required time                                         1.94
  ------------------------------------------------------------------------
  data required time                                         1.94
  data arrival time                                         -2.36
  ------------------------------------------------------------------------
  slack (VIOLATED)                                          -0.42


1
