Loading db file '/home/SCL_PDK/SCLPDK_V3.0_KIT/scl180/stdcell/fs120/4M1IL/liberty/lib_flow_ss/tsl18fs120_scl_ss.db'
Information: Propagating switching activity (low effort zero delay simulation). (PWR-6)
Warning: Design has unannotated primary inputs. (PWR-414)
Warning: Design has unannotated sequential cell outputs. (PWR-415)
 
****************************************
Report : power
        -analysis_effort low
Design : fibo
Version: U-2022.12-SP5
Date   : Wed Oct 29 02:26:38 2025
****************************************


Library(s) Used:

    tsl18fs120_scl_ss (File: /home/SCL_PDK/SCLPDK_V3.0_KIT/scl180/stdcell/fs120/4M1IL/liberty/lib_flow_ss/tsl18fs120_scl_ss.db)


Operating Conditions: tsl18fs120_scl_ss   Library: tsl18fs120_scl_ss
Wire Load Model Mode: top

Design        Wire Load Model            Library
------------------------------------------------
fibo                   16000             tsl18fs120_scl_ss


Global Operating Voltage = 1.62 
Power-specific unit information :
    Voltage Units = 1V
    Capacitance Units = 1.000000pf
    Time Units = 1ns
    Dynamic Power Units = 1mW    (derived from V,C,T units)
    Leakage Power Units = 1pW


Attributes
----------
i - Including register clock pin internal power


  Cell Internal Power  =   2.6861 mW   (89%)
  Net Switching Power  = 322.5258 uW   (11%)
                         ---------
Total Dynamic Power    =   3.0086 mW  (100%)

Cell Leakage Power     = 369.5504 nW


                 Internal         Switching           Leakage            Total
Power Group      Power            Power               Power              Power   (   %    )  Attrs
--------------------------------------------------------------------------------------------------
io_pad             0.0000            0.0000            0.0000            0.0000  (   0.00%)
memory             0.0000            0.0000            0.0000            0.0000  (   0.00%)
black_box          0.0000            0.0000            0.0000            0.0000  (   0.00%)
clock_network      2.1501            0.0000            0.0000            2.1501  (  71.45%)  i
register           0.2006        8.3934e-02        1.4827e+05            0.2847  (   9.46%)
sequential         0.0000            0.0000            0.0000            0.0000  (   0.00%)
combinational      0.3355            0.2386        2.2128e+05            0.5743  (  19.08%)
--------------------------------------------------------------------------------------------------
Total              2.6861 mW         0.3225 mW     3.6955e+05 pW         3.0090 mW
1
